Arguments: 
  C:\Program Files\nodejs\node.exe C:\Users\dell latitude 7280\AppData\Roaming\npm\node_modules\yarn\bin\yarn.js add mjml@4.1.1 mjml-client@4.6.1 mjml-mailchimp@0.0.5

PATH: 
  C:\Users\dell latitude 7280\bin;C:\Program Files\Git\mingw64\bin;C:\Program Files\Git\usr\local\bin;C:\Program Files\Git\usr\bin;C:\Program Files\Git\usr\bin;C:\Program Files\Git\mingw64\bin;C:\Program Files\Git\usr\bin;C:\Users\dell latitude 7280\bin;C:\Users\dell latitude 7280\AppData\Local\Programs\Python\Python310\Scripts;C:\Users\dell latitude 7280\AppData\Local\Programs\Python\Python310;C:\Windows\system32;C:\Windows;C:\Windows\System32\Wbem;C:\Windows\System32\WindowsPowerShell\v1.0;C:\Windows\System32\OpenSSH;C:\Program Files\Git\cmd;C:\Program Files\nodejs;C:\ProgramData\chocolatey\bin;C:\Users\dell latitude 7280\AppData\Local\Microsoft\WindowsApps;C:\Users\dell latitude 7280\AppData\Local\Programs\Microsoft VS Code\bin;C:\Users\dell latitude 7280\AppData\Local\GitHubDesktop\bin;C:\Users\dell latitude 7280\AppData\Local\atom\bin;C:\Users\dell latitude 7280\AppData\Roaming\npm;C:\Program Files\Git\usr\bin\vendor_perl;C:\Program Files\Git\usr\bin\core_perl

Yarn version: 
  1.22.18

Node version: 
  16.14.0

Platform: 
  win32 x64

Trace: 
  Error: https://registry.yarnpkg.com/mjml-client: Not found
      at Request.params.callback [as _callback] (C:\Users\dell latitude 7280\AppData\Roaming\npm\node_modules\yarn\lib\cli.js:66138:18)
      at Request.self.callback (C:\Users\dell latitude 7280\AppData\Roaming\npm\node_modules\yarn\lib\cli.js:140883:22)
      at Request.emit (node:events:520:28)
      at Request.<anonymous> (C:\Users\dell latitude 7280\AppData\Roaming\npm\node_modules\yarn\lib\cli.js:141855:10)
      at Request.emit (node:events:520:28)
      at IncomingMessage.<anonymous> (C:\Users\dell latitude 7280\AppData\Roaming\npm\node_modules\yarn\lib\cli.js:141777:12)
      at Object.onceWrapper (node:events:639:28)
      at IncomingMessage.emit (node:events:532:35)
      at endReadableNT (node:internal/streams/readable:1346:12)
      at processTicksAndRejections (node:internal/process/task_queues:83:21)

npm manifest: 
  No manifest

yarn manifest: 
  No manifest

Lockfile: 
  # THIS IS AN AUTOGENERATED FILE. DO NOT EDIT THIS FILE DIRECTLY.
  # yarn lockfile v1
